----------------
CPU#0: IN: 
0x80000000:  e3a00000      mov	r0, #0	; 0x0

R00=00000000 R01=00000000 R02=00000000 R03=00000000
R04=00000000 R05=00000000 R06=00000000 R07=00000000
R08=00000000 R09=00000000 R10=00000000 R11=00000000
R12=00000000 R13=00000000 R14=00000000 R15=80000000
PSR=400001d3 -Z-- A svc32 CPU#:0
----------------
CPU#0: IN: 
0x80000004:  e59f1004      ldr	r1, [pc, #4]	; 0x80000010

R00=00000000 R01=00000000 R02=00000000 R03=00000000
R04=00000000 R05=00000000 R06=00000000 R07=00000000
R08=00000000 R09=00000000 R10=00000000 R11=00000000
R12=00000000 R13=00000000 R14=00000000 R15=80000004
PSR=400001d3 -Z-- A svc32 CPU#:0
----------------
CPU#0: IN: 
0x80000008:  e59f2004      ldr	r2, [pc, #4]	; 0x80000014

R00=00000000 R01=00001036 R02=00000000 R03=00000000
R04=00000000 R05=00000000 R06=00000000 R07=00000000
R08=00000000 R09=00000000 R10=00000000 R11=00000000
R12=00000000 R13=00000000 R14=00000000 R15=80000008
PSR=400001d3 -Z-- A svc32 CPU#:0
----------------
CPU#0: IN: 
0x8000000c:  e59ff004      ldr	pc, [pc, #4]	; 0x80000018

R00=00000000 R01=00001036 R02=80000100 R03=00000000
R04=00000000 R05=00000000 R06=00000000 R07=00000000
R08=00000000 R09=00000000 R10=00000000 R11=00000000
R12=00000000 R13=00000000 R14=00000000 R15=8000000c
PSR=400001d3 -Z-- A svc32 CPU#:0
----------------
CPU#0: IN: 
0x80008000:  e59fd004      ldr	sp, [pc, #4]	; 0x8000800c

R00=00000000 R01=00001036 R02=80000100 R03=00000000
R04=00000000 R05=00000000 R06=00000000 R07=00000000
R08=00000000 R09=00000000 R10=00000000 R11=00000000
R12=00000000 R13=00000000 R14=00000000 R15=80008000
PSR=400001d3 -Z-- A svc32 CPU#:0
----------------
CPU#0: IN: 
0x80008004:  eb000016      bl	0x80008064

R00=00000000 R01=00001036 R02=80000100 R03=00000000
R04=00000000 R05=00000000 R06=00000000 R07=00000000
R08=00000000 R09=00000000 R10=00000000 R11=00000000
R12=00000000 R13=00011090 R14=00000000 R15=80008004
PSR=400001d3 -Z-- A svc32 CPU#:0
----------------
CPU#0: IN: 
0x80008064:  e92d4800      push	{fp, lr}

R00=00000000 R01=00001036 R02=80000100 R03=00000000
R04=00000000 R05=00000000 R06=00000000 R07=00000000
R08=00000000 R09=00000000 R10=00000000 R11=00000000
R12=00000000 R13=00011090 R14=80008008 R15=80008064
PSR=400001d3 -Z-- A svc32 CPU#:0
----------------
CPU#0: IN: 
0x80008068:  e28db004      add	fp, sp, #4	; 0x4

R00=00000000 R01=00001036 R02=80000100 R03=00000000
R04=00000000 R05=00000000 R06=00000000 R07=00000000
R08=00000000 R09=00000000 R10=00000000 R11=00000000
R12=00000000 R13=00011088 R14=80008008 R15=80008068
PSR=400001d3 -Z-- A svc32 CPU#:0
----------------
CPU#0: IN: 
0x8000806c:  e3000080      movw	r0, #128	; 0x80

R00=00000000 R01=00001036 R02=80000100 R03=00000000
R04=00000000 R05=00000000 R06=00000000 R07=00000000
R08=00000000 R09=00000000 R10=00000000 R11=0001108c
R12=00000000 R13=00011088 R14=80008008 R15=8000806c
PSR=400001d3 -Z-- A svc32 CPU#:0
----------------
CPU#0: IN: 
0x80008070:  e3400001      movt	r0, #1	; 0x1

R00=00000080 R01=00001036 R02=80000100 R03=00000000
R04=00000000 R05=00000000 R06=00000000 R07=00000000
R08=00000000 R09=00000000 R10=00000000 R11=0001108c
R12=00000000 R13=00011088 R14=80008008 R15=80008070
PSR=400001d3 -Z-- A svc32 CPU#:0
----------------
CPU#0: IN: 
0x80008074:  ebffffe5      bl	0x80008010

R00=00010080 R01=00001036 R02=80000100 R03=00000000
R04=00000000 R05=00000000 R06=00000000 R07=00000000
R08=00000000 R09=00000000 R10=00000000 R11=0001108c
R12=00000000 R13=00011088 R14=80008008 R15=80008074
PSR=400001d3 -Z-- A svc32 CPU#:0
----------------
CPU#0: IN: 
0x80008010:  e52db004      push	{fp}		; (str fp, [sp, #-4]!)

R00=00010080 R01=00001036 R02=80000100 R03=00000000
R04=00000000 R05=00000000 R06=00000000 R07=00000000
R08=00000000 R09=00000000 R10=00000000 R11=0001108c
R12=00000000 R13=00011088 R14=80008078 R15=80008010
PSR=400001d3 -Z-- A svc32 CPU#:0
----------------
CPU#0: IN: 
0x80008014:  e28db000      add	fp, sp, #0	; 0x0

R00=00010080 R01=00001036 R02=80000100 R03=00000000
R04=00000000 R05=00000000 R06=00000000 R07=00000000
R08=00000000 R09=00000000 R10=00000000 R11=0001108c
R12=00000000 R13=00011084 R14=80008078 R15=80008014
PSR=400001d3 -Z-- A svc32 CPU#:0
----------------
CPU#0: IN: 
0x80008018:  e24dd00c      sub	sp, sp, #12	; 0xc

R00=00010080 R01=00001036 R02=80000100 R03=00000000
R04=00000000 R05=00000000 R06=00000000 R07=00000000
R08=00000000 R09=00000000 R10=00000000 R11=00011084
R12=00000000 R13=00011084 R14=80008078 R15=80008018
PSR=400001d3 -Z-- A svc32 CPU#:0
----------------
CPU#0: IN: 
0x8000801c:  e50b0008      str	r0, [fp, #-8]

R00=00010080 R01=00001036 R02=80000100 R03=00000000
R04=00000000 R05=00000000 R06=00000000 R07=00000000
R08=00000000 R09=00000000 R10=00000000 R11=00011084
R12=00000000 R13=00011078 R14=80008078 R15=8000801c
PSR=400001d3 -Z-- A svc32 CPU#:0
----------------
CPU#0: IN: 
0x80008020:  ea000008      b	0x80008048

R00=00010080 R01=00001036 R02=80000100 R03=00000000
R04=00000000 R05=00000000 R06=00000000 R07=00000000
R08=00000000 R09=00000000 R10=00000000 R11=00011084
R12=00000000 R13=00011078 R14=80008078 R15=80008020
PSR=400001d3 -Z-- A svc32 CPU#:0
----------------
CPU#0: IN: 
0x80008048:  e51b3008      ldr	r3, [fp, #-8]

R00=00010080 R01=00001036 R02=80000100 R03=00000000
R04=00000000 R05=00000000 R06=00000000 R07=00000000
R08=00000000 R09=00000000 R10=00000000 R11=00011084
R12=00000000 R13=00011078 R14=80008078 R15=80008048
PSR=400001d3 -Z-- A svc32 CPU#:0
----------------
CPU#0: IN: 
0x8000804c:  e5d33000      ldrb	r3, [r3]

R00=00010080 R01=00001036 R02=80000100 R03=00010080
R04=00000000 R05=00000000 R06=00000000 R07=00000000
R08=00000000 R09=00000000 R10=00000000 R11=00011084
R12=00000000 R13=00011078 R14=80008078 R15=8000804c
PSR=400001d3 -Z-- A svc32 CPU#:0
----------------
CPU#0: IN: 
0x80008050:  e3530000      cmp	r3, #0	; 0x0

R00=00010080 R01=00001036 R02=80000100 R03=00000000
R04=00000000 R05=00000000 R06=00000000 R07=00000000
R08=00000000 R09=00000000 R10=00000000 R11=00011084
R12=00000000 R13=00011078 R14=80008078 R15=80008050
PSR=400001d3 -Z-- A svc32 CPU#:0
----------------
CPU#0: IN: 
0x80008054:  1afffff2      bne	0x80008024

R00=00010080 R01=00001036 R02=80000100 R03=00000000
R04=00000000 R05=00000000 R06=00000000 R07=00000000
R08=00000000 R09=00000000 R10=00000000 R11=00011084
R12=00000000 R13=00011078 R14=80008078 R15=80008054
PSR=600001d3 -ZC- A svc32 CPU#:0
----------------
CPU#0: IN: 
0x80008058:  e28bd000      add	sp, fp, #0	; 0x0

R00=00010080 R01=00001036 R02=80000100 R03=00000000
R04=00000000 R05=00000000 R06=00000000 R07=00000000
R08=00000000 R09=00000000 R10=00000000 R11=00011084
R12=00000000 R13=00011078 R14=80008078 R15=80008058
PSR=600001d3 -ZC- A svc32 CPU#:0
----------------
CPU#0: IN: 
0x8000805c:  e8bd0800      pop	{fp}

R00=00010080 R01=00001036 R02=80000100 R03=00000000
R04=00000000 R05=00000000 R06=00000000 R07=00000000
R08=00000000 R09=00000000 R10=00000000 R11=00011084
R12=00000000 R13=00011084 R14=80008078 R15=8000805c
PSR=600001d3 -ZC- A svc32 CPU#:0
----------------
CPU#0: IN: 
0x80008060:  e12fff1e      bx	lr

R00=00010080 R01=00001036 R02=80000100 R03=00000000
R04=00000000 R05=00000000 R06=00000000 R07=00000000
R08=00000000 R09=00000000 R10=00000000 R11=0001108c
R12=00000000 R13=00011088 R14=80008078 R15=80008060
PSR=600001d3 -ZC- A svc32 CPU#:0
----------------
CPU#0: IN: 
0x80008078:  e8bd8800      pop	{fp, pc}

R00=00010080 R01=00001036 R02=80000100 R03=00000000
R04=00000000 R05=00000000 R06=00000000 R07=00000000
R08=00000000 R09=00000000 R10=00000000 R11=0001108c
R12=00000000 R13=00011088 R14=80008078 R15=80008078
PSR=600001d3 -ZC- A svc32 CPU#:0
----------------
CPU#0: IN: 
0x80008008:  eafffffe      b	0x80008008

R00=00010080 R01=00001036 R02=80000100 R03=00000000
R04=00000000 R05=00000000 R06=00000000 R07=00000000
R08=00000000 R09=00000000 R10=00000000 R11=00000000
R12=00000000 R13=00011090 R14=80008078 R15=80008008
PSR=600001d3 -ZC- A svc32 CPU#:0
R00=00010080 R01=00001036 R02=80000100 R03=00000000
R04=00000000 R05=00000000 R06=00000000 R07=00000000
R08=00000000 R09=00000000 R10=00000000 R11=00000000
R12=00000000 R13=00011090 R14=80008078 R15=80008008
PSR=600001d3 -ZC- A svc32 CPU#:0
----------------
CPU#1: IN: 
0xfffffff0:  e320f003      wfi

R00=00000000 R01=00000000 R02=00000000 R03=00000000
R04=00000000 R05=00000000 R06=00000000 R07=00000000
R08=00000000 R09=00000000 R10=00000000 R11=00000000
R12=00000000 R13=00000000 R14=00000000 R15=fffffff0
PSR=400001d3 -Z-- A svc32 CPU#:1
R00=00000000 R01=00000000 R02=00000000 R03=00000000
R04=00000000 R05=00000000 R06=00000000 R07=00000000
R08=00000000 R09=00000000 R10=00000000 R11=00000000
R12=00000000 R13=00000000 R14=00000000 R15=fffffff0
PSR=400001d3 -Z-- A svc32 CPU#:2
R00=00000000 R01=00000000 R02=00000000 R03=00000000
R04=00000000 R05=00000000 R06=00000000 R07=00000000
R08=00000000 R09=00000000 R10=00000000 R11=00000000
R12=00000000 R13=00000000 R14=00000000 R15=fffffff0
PSR=400001d3 -Z-- A svc32 CPU#:3
R00=00010080 R01=00001036 R02=80000100 R03=00000000
R04=00000000 R05=00000000 R06=00000000 R07=00000000
R08=00000000 R09=00000000 R10=00000000 R11=00000000
R12=00000000 R13=00011090 R14=80008078 R15=80008008
PSR=600001d3 -ZC- A svc32 CPU#:0
R00=00010080 R01=00001036 R02=80000100 R03=00000000
R04=00000000 R05=00000000 R06=00000000 R07=00000000
R08=00000000 R09=00000000 R10=00000000 R11=00000000
R12=00000000 R13=00011090 R14=80008078 R15=80008008
PSR=600001d3 -ZC- A svc32 CPU#:0
R00=00010080 R01=00001036 R02=80000100 R03=00000000
R04=00000000 R05=00000000 R06=00000000 R07=00000000
R08=00000000 R09=00000000 R10=00000000 R11=00000000
R12=00000000 R13=00011090 R14=80008078 R15=80008008
PSR=600001d3 -ZC- A svc32 CPU#:0
R00=00010080 R01=00001036 R02=80000100 R03=00000000
R04=00000000 R05=00000000 R06=00000000 R07=00000000
R08=00000000 R09=00000000 R10=00000000 R11=00000000
R12=00000000 R13=00011090 R14=80008078 R15=80008008
PSR=600001d3 -ZC- A svc32 CPU#:0
R00=00010080 R01=00001036 R02=80000100 R03=00000000
R04=00000000 R05=00000000 R06=00000000 R07=00000000
R08=00000000 R09=00000000 R10=00000000 R11=00000000
R12=00000000 R13=00011090 R14=80008078 R15=80008008
PSR=600001d3 -ZC- A svc32 CPU#:0
R00=00010080 R01=00001036 R02=80000100 R03=00000000
R04=00000000 R05=00000000 R06=00000000 R07=00000000
R08=00000000 R09=00000000 R10=00000000 R11=00000000
R12=00000000 R13=00011090 R14=80008078 R15=80008008
PSR=600001d3 -ZC- A svc32 CPU#:0
R00=00010080 R01=00001036 R02=80000100 R03=00000000
R04=00000000 R05=00000000 R06=00000000 R07=00000000
R08=00000000 R09=00000000 R10=00000000 R11=00000000
R12=00000000 R13=00011090 R14=80008078 R15=80008008
PSR=600001d3 -ZC- A svc32 CPU#:0
R00=00010080 R01=00001036 R02=80000100 R03=00000000
R04=00000000 R05=00000000 R06=00000000 R07=00000000
R08=00000000 R09=00000000 R10=00000000 R11=00000000
R12=00000000 R13=00011090 R14=80008078 R15=80008008
PSR=600001d3 -ZC- A svc32 CPU#:0
R00=00010080 R01=00001036 R02=80000100 R03=00000000
R04=00000000 R05=00000000 R06=00000000 R07=00000000
R08=00000000 R09=00000000 R10=00000000 R11=00000000
R12=00000000 R13=00011090 R14=80008078 R15=80008008
PSR=600001d3 -ZC- A svc32 CPU#:0
R00=00010080 R01=00001036 R02=80000100 R03=00000000
R04=00000000 R05=00000000 R06=00000000 R07=00000000
R08=00000000 R09=00000000 R10=00000000 R11=00000000
R12=00000000 R13=00011090 R14=80008078 R15=80008008
PSR=600001d3 -ZC- A svc32 CPU#:0
R00=00010080 R01=00001036 R02=80000100 R03=00000000
R04=00000000 R05=00000000 R06=00000000 R07=00000000
R08=00000000 R09=00000000 R10=00000000 R11=00000000
R12=00000000 R13=00011090 R14=80008078 R15=80008008
PSR=600001d3 -ZC- A svc32 CPU#:0
R00=00010080 R01=00001036 R02=80000100 R03=00000000
R04=00000000 R05=00000000 R06=00000000 R07=00000000
R08=00000000 R09=00000000 R10=00000000 R11=00000000
R12=00000000 R13=00011090 R14=80008078 R15=80008008
PSR=600001d3 -ZC- A svc32 CPU#:0
R00=00010080 R01=00001036 R02=80000100 R03=00000000
R04=00000000 R05=00000000 R06=00000000 R07=00000000
R08=00000000 R09=00000000 R10=00000000 R11=00000000
R12=00000000 R13=00011090 R14=80008078 R15=80008008
PSR=600001d3 -ZC- A svc32 CPU#:0
R00=00010080 R01=00001036 R02=80000100 R03=00000000
R04=00000000 R05=00000000 R06=00000000 R07=00000000
R08=00000000 R09=00000000 R10=00000000 R11=00000000
R12=00000000 R13=00011090 R14=80008078 R15=80008008
PSR=600001d3 -ZC- A svc32 CPU#:0
R00=00010080 R01=00001036 R02=80000100 R03=00000000
R04=00000000 R05=00000000 R06=00000000 R07=00000000
R08=00000000 R09=00000000 R10=00000000 R11=00000000
R12=00000000 R13=00011090 R14=80008078 R15=80008008
PSR=600001d3 -ZC- A svc32 CPU#:0
R00=00010080 R01=00001036 R02=80000100 R03=00000000
R04=00000000 R05=00000000 R06=00000000 R07=00000000
R08=00000000 R09=00000000 R10=00000000 R11=00000000
R12=00000000 R13=00011090 R14=80008078 R15=80008008
PSR=600001d3 -ZC- A svc32 CPU#:0
R00=00010080 R01=00001036 R02=80000100 R03=00000000
R04=00000000 R05=00000000 R06=00000000 R07=00000000
R08=00000000 R09=00000000 R10=00000000 R11=00000000
R12=00000000 R13=00011090 R14=80008078 R15=80008008
PSR=600001d3 -ZC- A svc32 CPU#:0
R00=00010080 R01=00001036 R02=80000100 R03=00000000
R04=00000000 R05=00000000 R06=00000000 R07=00000000
R08=00000000 R09=00000000 R10=00000000 R11=00000000
R12=00000000 R13=00011090 R14=80008078 R15=80008008
PSR=600001d3 -ZC- A svc32 CPU#:0
R00=00010080 R01=00001036 R02=80000100 R03=00000000
R04=00000000 R05=00000000 R06=00000000 R07=00000000
R08=00000000 R09=00000000 R10=00000000 R11=00000000
R12=00000000 R13=00011090 R14=80008078 R15=80008008
PSR=600001d3 -ZC- A svc32 CPU#:0
R00=00010080 R01=00001036 R02=80000100 R03=00000000
R04=00000000 R05=00000000 R06=00000000 R07=00000000
R08=00000000 R09=00000000 R10=00000000 R11=00000000
R12=00000000 R13=00011090 R14=80008078 R15=80008008
PSR=600001d3 -ZC- A svc32 CPU#:0
R00=00010080 R01=00001036 R02=80000100 R03=00000000
R04=00000000 R05=00000000 R06=00000000 R07=00000000
R08=00000000 R09=00000000 R10=00000000 R11=00000000
R12=00000000 R13=00011090 R14=80008078 R15=80008008
PSR=600001d3 -ZC- A svc32 CPU#:0
R00=00010080 R01=00001036 R02=80000100 R03=00000000
R04=00000000 R05=00000000 R06=00000000 R07=00000000
R08=00000000 R09=00000000 R10=00000000 R11=00000000
R12=00000000 R13=00011090 R14=80008078 R15=80008008
PSR=600001d3 -ZC- A svc32 CPU#:0
R00=00010080 R01=00001036 R02=80000100 R03=00000000
R04=00000000 R05=00000000 R06=00000000 R07=00000000
R08=00000000 R09=00000000 R10=00000000 R11=00000000
R12=00000000 R13=00011090 R14=80008078 R15=80008008
PSR=600001d3 -ZC- A svc32 CPU#:0
R00=00010080 R01=00001036 R02=80000100 R03=00000000
R04=00000000 R05=00000000 R06=00000000 R07=00000000
R08=00000000 R09=00000000 R10=00000000 R11=00000000
R12=00000000 R13=00011090 R14=80008078 R15=80008008
PSR=600001d3 -ZC- A svc32 CPU#:0
R00=00010080 R01=00001036 R02=80000100 R03=00000000
R04=00000000 R05=00000000 R06=00000000 R07=00000000
R08=00000000 R09=00000000 R10=00000000 R11=00000000
R12=00000000 R13=00011090 R14=80008078 R15=80008008
PSR=600001d3 -ZC- A svc32 CPU#:0
R00=00010080 R01=00001036 R02=80000100 R03=00000000
R04=00000000 R05=00000000 R06=00000000 R07=00000000
R08=00000000 R09=00000000 R10=00000000 R11=00000000
R12=00000000 R13=00011090 R14=80008078 R15=80008008
PSR=600001d3 -ZC- A svc32 CPU#:0
R00=00010080 R01=00001036 R02=80000100 R03=00000000
R04=00000000 R05=00000000 R06=00000000 R07=00000000
R08=00000000 R09=00000000 R10=00000000 R11=00000000
R12=00000000 R13=00011090 R14=80008078 R15=80008008
PSR=600001d3 -ZC- A svc32 CPU#:0
R00=00010080 R01=00001036 R02=80000100 R03=00000000
R04=00000000 R05=00000000 R06=00000000 R07=00000000
R08=00000000 R09=00000000 R10=00000000 R11=00000000
R12=00000000 R13=00011090 R14=80008078 R15=80008008
PSR=600001d3 -ZC- A svc32 CPU#:0
R00=00010080 R01=00001036 R02=80000100 R03=00000000
R04=00000000 R05=00000000 R06=00000000 R07=00000000
R08=00000000 R09=00000000 R10=00000000 R11=00000000
R12=00000000 R13=00011090 R14=80008078 R15=80008008
PSR=600001d3 -ZC- A svc32 CPU#:0
R00=00010080 R01=00001036 R02=80000100 R03=00000000
R04=00000000 R05=00000000 R06=00000000 R07=00000000
R08=00000000 R09=00000000 R10=00000000 R11=00000000
R12=00000000 R13=00011090 R14=80008078 R15=80008008
PSR=600001d3 -ZC- A svc32 CPU#:0
R00=00010080 R01=00001036 R02=80000100 R03=00000000
R04=00000000 R05=00000000 R06=00000000 R07=00000000
R08=00000000 R09=00000000 R10=00000000 R11=00000000
R12=00000000 R13=00011090 R14=80008078 R15=80008008
PSR=600001d3 -ZC- A svc32 CPU#:0
R00=00010080 R01=00001036 R02=80000100 R03=00000000
R04=00000000 R05=00000000 R06=00000000 R07=00000000
R08=00000000 R09=00000000 R10=00000000 R11=00000000
R12=00000000 R13=00011090 R14=80008078 R15=80008008
PSR=600001d3 -ZC- A svc32 CPU#:0
R00=00010080 R01=00001036 R02=80000100 R03=00000000
R04=00000000 R05=00000000 R06=00000000 R07=00000000
R08=00000000 R09=00000000 R10=00000000 R11=00000000
R12=00000000 R13=00011090 R14=80008078 R15=80008008
PSR=600001d3 -ZC- A svc32 CPU#:0
R00=00010080 R01=00001036 R02=80000100 R03=00000000
R04=00000000 R05=00000000 R06=00000000 R07=00000000
R08=00000000 R09=00000000 R10=00000000 R11=00000000
R12=00000000 R13=00011090 R14=80008078 R15=80008008
PSR=600001d3 -ZC- A svc32 CPU#:0
R00=00010080 R01=00001036 R02=80000100 R03=00000000
R04=00000000 R05=00000000 R06=00000000 R07=00000000
R08=00000000 R09=00000000 R10=00000000 R11=00000000
R12=00000000 R13=00011090 R14=80008078 R15=80008008
PSR=600001d3 -ZC- A svc32 CPU#:0
R00=00010080 R01=00001036 R02=80000100 R03=00000000
R04=00000000 R05=00000000 R06=00000000 R07=00000000
R08=00000000 R09=00000000 R10=00000000 R11=00000000
R12=00000000 R13=00011090 R14=80008078 R15=80008008
PSR=600001d3 -ZC- A svc32 CPU#:0
R00=00010080 R01=00001036 R02=80000100 R03=00000000
R04=00000000 R05=00000000 R06=00000000 R07=00000000
R08=00000000 R09=00000000 R10=00000000 R11=00000000
R12=00000000 R13=00011090 R14=80008078 R15=80008008
PSR=600001d3 -ZC- A svc32 CPU#:0
R00=00010080 R01=00001036 R02=80000100 R03=00000000
R04=00000000 R05=00000000 R06=00000000 R07=00000000
R08=00000000 R09=00000000 R10=00000000 R11=00000000
R12=00000000 R13=00011090 R14=80008078 R15=80008008
PSR=600001d3 -ZC- A svc32 CPU#:0
R00=00010080 R01=00001036 R02=80000100 R03=00000000
R04=00000000 R05=00000000 R06=00000000 R07=00000000
R08=00000000 R09=00000000 R10=00000000 R11=00000000
R12=00000000 R13=00011090 R14=80008078 R15=80008008
PSR=600001d3 -ZC- A svc32 CPU#:0
R00=00010080 R01=00001036 R02=80000100 R03=00000000
R04=00000000 R05=00000000 R06=00000000 R07=00000000
R08=00000000 R09=00000000 R10=00000000 R11=00000000
R12=00000000 R13=00011090 R14=80008078 R15=80008008
PSR=600001d3 -ZC- A svc32 CPU#:0
R00=00010080 R01=00001036 R02=80000100 R03=00000000
R04=00000000 R05=00000000 R06=00000000 R07=00000000
R08=00000000 R09=00000000 R10=00000000 R11=00000000
R12=00000000 R13=00011090 R14=80008078 R15=80008008
PSR=600001d3 -ZC- A svc32 CPU#:0
R00=00010080 R01=00001036 R02=80000100 R03=00000000
R04=00000000 R05=00000000 R06=00000000 R07=00000000
R08=00000000 R09=00000000 R10=00000000 R11=00000000
R12=00000000 R13=00011090 R14=80008078 R15=80008008
PSR=600001d3 -ZC- A svc32 CPU#:0
R00=00010080 R01=00001036 R02=80000100 R03=00000000
R04=00000000 R05=00000000 R06=00000000 R07=00000000
R08=00000000 R09=00000000 R10=00000000 R11=00000000
R12=00000000 R13=00011090 R14=80008078 R15=80008008
PSR=600001d3 -ZC- A svc32 CPU#:0
R00=00010080 R01=00001036 R02=80000100 R03=00000000
R04=00000000 R05=00000000 R06=00000000 R07=00000000
R08=00000000 R09=00000000 R10=00000000 R11=00000000
R12=00000000 R13=00011090 R14=80008078 R15=80008008
PSR=600001d3 -ZC- A svc32 CPU#:0
R00=00010080 R01=00001036 R02=80000100 R03=00000000
R04=00000000 R05=00000000 R06=00000000 R07=00000000
R08=00000000 R09=00000000 R10=00000000 R11=00000000
R12=00000000 R13=00011090 R14=80008078 R15=80008008
PSR=600001d3 -ZC- A svc32 CPU#:0
R00=00010080 R01=00001036 R02=80000100 R03=00000000
R04=00000000 R05=00000000 R06=00000000 R07=00000000
R08=00000000 R09=00000000 R10=00000000 R11=00000000
R12=00000000 R13=00011090 R14=80008078 R15=80008008
PSR=600001d3 -ZC- A svc32 CPU#:0
R00=00010080 R01=00001036 R02=80000100 R03=00000000
R04=00000000 R05=00000000 R06=00000000 R07=00000000
R08=00000000 R09=00000000 R10=00000000 R11=00000000
R12=00000000 R13=00011090 R14=80008078 R15=80008008
PSR=600001d3 -ZC- A svc32 CPU#:0
R00=00010080 R01=00001036 R02=80000100 R03=00000000
R04=00000000 R05=00000000 R06=00000000 R07=00000000
R08=00000000 R09=00000000 R10=00000000 R11=00000000
R12=00000000 R13=00011090 R14=80008078 R15=80008008
PSR=600001d3 -ZC- A svc32 CPU#:0
R00=00010080 R01=00001036 R02=80000100 R03=00000000
R04=00000000 R05=00000000 R06=00000000 R07=00000000
R08=00000000 R09=00000000 R10=00000000 R11=00000000
R12=00000000 R13=00011090 R14=80008078 R15=80008008
PSR=600001d3 -ZC- A svc32 CPU#:0
R00=00010080 R01=00001036 R02=80000100 R03=00000000
R04=00000000 R05=00000000 R06=00000000 R07=00000000
R08=00000000 R09=00000000 R10=00000000 R11=00000000
R12=00000000 R13=00011090 R14=80008078 R15=80008008
PSR=600001d3 -ZC- A svc32 CPU#:0
R00=00010080 R01=00001036 R02=80000100 R03=00000000
R04=00000000 R05=00000000 R06=00000000 R07=00000000
R08=00000000 R09=00000000 R10=00000000 R11=00000000
R12=00000000 R13=00011090 R14=80008078 R15=80008008
PSR=600001d3 -ZC- A svc32 CPU#:0
R00=00010080 R01=00001036 R02=80000100 R03=00000000
R04=00000000 R05=00000000 R06=00000000 R07=00000000
R08=00000000 R09=00000000 R10=00000000 R11=00000000
R12=00000000 R13=00011090 R14=80008078 R15=80008008
PSR=600001d3 -ZC- A svc32 CPU#:0
R00=00010080 R01=00001036 R02=80000100 R03=00000000
R04=00000000 R05=00000000 R06=00000000 R07=00000000
R08=00000000 R09=00000000 R10=00000000 R11=00000000
R12=00000000 R13=00011090 R14=80008078 R15=80008008
PSR=600001d3 -ZC- A svc32 CPU#:0
R00=00010080 R01=00001036 R02=80000100 R03=00000000
R04=00000000 R05=00000000 R06=00000000 R07=00000000
R08=00000000 R09=00000000 R10=00000000 R11=00000000
R12=00000000 R13=00011090 R14=80008078 R15=80008008
PSR=600001d3 -ZC- A svc32 CPU#:0
R00=00010080 R01=00001036 R02=80000100 R03=00000000
R04=00000000 R05=00000000 R06=00000000 R07=00000000
R08=00000000 R09=00000000 R10=00000000 R11=00000000
R12=00000000 R13=00011090 R14=80008078 R15=80008008
PSR=600001d3 -ZC- A svc32 CPU#:0
R00=00010080 R01=00001036 R02=80000100 R03=00000000
R04=00000000 R05=00000000 R06=00000000 R07=00000000
R08=00000000 R09=00000000 R10=00000000 R11=00000000
R12=00000000 R13=00011090 R14=80008078 R15=80008008
PSR=600001d3 -ZC- A svc32 CPU#:0
R00=00010080 R01=00001036 R02=80000100 R03=00000000
R04=00000000 R05=00000000 R06=00000000 R07=00000000
R08=00000000 R09=00000000 R10=00000000 R11=00000000
R12=00000000 R13=00011090 R14=80008078 R15=80008008
PSR=600001d3 -ZC- A svc32 CPU#:0
R00=00010080 R01=00001036 R02=80000100 R03=00000000
R04=00000000 R05=00000000 R06=00000000 R07=00000000
R08=00000000 R09=00000000 R10=00000000 R11=00000000
R12=00000000 R13=00011090 R14=80008078 R15=80008008
PSR=600001d3 -ZC- A svc32 CPU#:0
R00=00010080 R01=00001036 R02=80000100 R03=00000000
R04=00000000 R05=00000000 R06=00000000 R07=00000000
R08=00000000 R09=00000000 R10=00000000 R11=00000000
R12=00000000 R13=00011090 R14=80008078 R15=80008008
PSR=600001d3 -ZC- A svc32 CPU#:0
R00=00010080 R01=00001036 R02=80000100 R03=00000000
R04=00000000 R05=00000000 R06=00000000 R07=00000000
R08=00000000 R09=00000000 R10=00000000 R11=00000000
R12=00000000 R13=00011090 R14=80008078 R15=80008008
PSR=600001d3 -ZC- A svc32 CPU#:0
R00=00010080 R01=00001036 R02=80000100 R03=00000000
R04=00000000 R05=00000000 R06=00000000 R07=00000000
R08=00000000 R09=00000000 R10=00000000 R11=00000000
R12=00000000 R13=00011090 R14=80008078 R15=80008008
PSR=600001d3 -ZC- A svc32 CPU#:0
R00=00010080 R01=00001036 R02=80000100 R03=00000000
R04=00000000 R05=00000000 R06=00000000 R07=00000000
R08=00000000 R09=00000000 R10=00000000 R11=00000000
R12=00000000 R13=00011090 R14=80008078 R15=80008008
PSR=600001d3 -ZC- A svc32 CPU#:0
R00=00010080 R01=00001036 R02=80000100 R03=00000000
R04=00000000 R05=00000000 R06=00000000 R07=00000000
R08=00000000 R09=00000000 R10=00000000 R11=00000000
R12=00000000 R13=00011090 R14=80008078 R15=80008008
PSR=600001d3 -ZC- A svc32 CPU#:0
R00=00010080 R01=00001036 R02=80000100 R03=00000000
R04=00000000 R05=00000000 R06=00000000 R07=00000000
R08=00000000 R09=00000000 R10=00000000 R11=00000000
R12=00000000 R13=00011090 R14=80008078 R15=80008008
PSR=600001d3 -ZC- A svc32 CPU#:0
R00=00010080 R01=00001036 R02=80000100 R03=00000000
R04=00000000 R05=00000000 R06=00000000 R07=00000000
R08=00000000 R09=00000000 R10=00000000 R11=00000000
R12=00000000 R13=00011090 R14=80008078 R15=80008008
PSR=600001d3 -ZC- A svc32 CPU#:0
R00=00010080 R01=00001036 R02=80000100 R03=00000000
R04=00000000 R05=00000000 R06=00000000 R07=00000000
R08=00000000 R09=00000000 R10=00000000 R11=00000000
R12=00000000 R13=00011090 R14=80008078 R15=80008008
PSR=600001d3 -ZC- A svc32 CPU#:0
R00=00010080 R01=00001036 R02=80000100 R03=00000000
R04=00000000 R05=00000000 R06=00000000 R07=00000000
R08=00000000 R09=00000000 R10=00000000 R11=00000000
R12=00000000 R13=00011090 R14=80008078 R15=80008008
PSR=600001d3 -ZC- A svc32 CPU#:0
R00=00010080 R01=00001036 R02=80000100 R03=00000000
R04=00000000 R05=00000000 R06=00000000 R07=00000000
R08=00000000 R09=00000000 R10=00000000 R11=00000000
R12=00000000 R13=00011090 R14=80008078 R15=80008008
PSR=600001d3 -ZC- A svc32 CPU#:0
R00=00010080 R01=00001036 R02=80000100 R03=00000000
R04=00000000 R05=00000000 R06=00000000 R07=00000000
R08=00000000 R09=00000000 R10=00000000 R11=00000000
R12=00000000 R13=00011090 R14=80008078 R15=80008008
PSR=600001d3 -ZC- A svc32 CPU#:0
R00=00010080 R01=00001036 R02=80000100 R03=00000000
R04=00000000 R05=00000000 R06=00000000 R07=00000000
R08=00000000 R09=00000000 R10=00000000 R11=00000000
R12=00000000 R13=00011090 R14=80008078 R15=80008008
PSR=600001d3 -ZC- A svc32 CPU#:0
R00=00010080 R01=00001036 R02=80000100 R03=00000000
R04=00000000 R05=00000000 R06=00000000 R07=00000000
R08=00000000 R09=00000000 R10=00000000 R11=00000000
R12=00000000 R13=00011090 R14=80008078 R15=80008008
PSR=600001d3 -ZC- A svc32 CPU#:0
R00=00010080 R01=00001036 R02=80000100 R03=00000000
R04=00000000 R05=00000000 R06=00000000 R07=00000000
R08=00000000 R09=00000000 R10=00000000 R11=00000000
R12=00000000 R13=00011090 R14=80008078 R15=80008008
PSR=600001d3 -ZC- A svc32 CPU#:0
R00=00010080 R01=00001036 R02=80000100 R03=00000000
R04=00000000 R05=00000000 R06=00000000 R07=00000000
R08=00000000 R09=00000000 R10=00000000 R11=00000000
R12=00000000 R13=00011090 R14=80008078 R15=80008008
PSR=600001d3 -ZC- A svc32 CPU#:0
R00=00010080 R01=00001036 R02=80000100 R03=00000000
R04=00000000 R05=00000000 R06=00000000 R07=00000000
R08=00000000 R09=00000000 R10=00000000 R11=00000000
R12=00000000 R13=00011090 R14=80008078 R15=80008008
PSR=600001d3 -ZC- A svc32 CPU#:0
R00=00010080 R01=00001036 R02=80000100 R03=00000000
R04=00000000 R05=00000000 R06=00000000 R07=00000000
R08=00000000 R09=00000000 R10=00000000 R11=00000000
R12=00000000 R13=00011090 R14=80008078 R15=80008008
PSR=600001d3 -ZC- A svc32 CPU#:0
R00=00010080 R01=00001036 R02=80000100 R03=00000000
R04=00000000 R05=00000000 R06=00000000 R07=00000000
R08=00000000 R09=00000000 R10=00000000 R11=00000000
R12=00000000 R13=00011090 R14=80008078 R15=80008008
PSR=600001d3 -ZC- A svc32 CPU#:0
R00=00010080 R01=00001036 R02=80000100 R03=00000000
R04=00000000 R05=00000000 R06=00000000 R07=00000000
R08=00000000 R09=00000000 R10=00000000 R11=00000000
R12=00000000 R13=00011090 R14=80008078 R15=80008008
PSR=600001d3 -ZC- A svc32 CPU#:0
R00=00010080 R01=00001036 R02=80000100 R03=00000000
R04=00000000 R05=00000000 R06=00000000 R07=00000000
R08=00000000 R09=00000000 R10=00000000 R11=00000000
R12=00000000 R13=00011090 R14=80008078 R15=80008008
PSR=600001d3 -ZC- A svc32 CPU#:0
R00=00010080 R01=00001036 R02=80000100 R03=00000000
R04=00000000 R05=00000000 R06=00000000 R07=00000000
R08=00000000 R09=00000000 R10=00000000 R11=00000000
R12=00000000 R13=00011090 R14=80008078 R15=80008008
PSR=600001d3 -ZC- A svc32 CPU#:0
R00=00010080 R01=00001036 R02=80000100 R03=00000000
R04=00000000 R05=00000000 R06=00000000 R07=00000000
R08=00000000 R09=00000000 R10=00000000 R11=00000000
R12=00000000 R13=00011090 R14=80008078 R15=80008008
PSR=600001d3 -ZC- A svc32 CPU#:0
R00=00010080 R01=00001036 R02=80000100 R03=00000000
R04=00000000 R05=00000000 R06=00000000 R07=00000000
R08=00000000 R09=00000000 R10=00000000 R11=00000000
R12=00000000 R13=00011090 R14=80008078 R15=80008008
PSR=600001d3 -ZC- A svc32 CPU#:0
R00=00010080 R01=00001036 R02=80000100 R03=00000000
R04=00000000 R05=00000000 R06=00000000 R07=00000000
R08=00000000 R09=00000000 R10=00000000 R11=00000000
R12=00000000 R13=00011090 R14=80008078 R15=80008008
PSR=600001d3 -ZC- A svc32 CPU#:0
R00=00010080 R01=00001036 R02=80000100 R03=00000000
R04=00000000 R05=00000000 R06=00000000 R07=00000000
R08=00000000 R09=00000000 R10=00000000 R11=00000000
R12=00000000 R13=00011090 R14=80008078 R15=80008008
PSR=600001d3 -ZC- A svc32 CPU#:0
R00=00010080 R01=00001036 R02=80000100 R03=00000000
R04=00000000 R05=00000000 R06=00000000 R07=00000000
R08=00000000 R09=00000000 R10=00000000 R11=00000000
R12=00000000 R13=00011090 R14=80008078 R15=80008008
PSR=600001d3 -ZC- A svc32 CPU#:0
R00=00010080 R01=00001036 R02=80000100 R03=00000000
R04=00000000 R05=00000000 R06=00000000 R07=00000000
R08=00000000 R09=00000000 R10=00000000 R11=00000000
R12=00000000 R13=00011090 R14=80008078 R15=80008008
PSR=600001d3 -ZC- A svc32 CPU#:0
R00=00010080 R01=00001036 R02=80000100 R03=00000000
R04=00000000 R05=00000000 R06=00000000 R07=00000000
R08=00000000 R09=00000000 R10=00000000 R11=00000000
R12=00000000 R13=00011090 R14=80008078 R15=80008008
PSR=600001d3 -ZC- A svc32 CPU#:0
R00=00010080 R01=00001036 R02=80000100 R03=00000000
R04=00000000 R05=00000000 R06=00000000 R07=00000000
R08=00000000 R09=00000000 R10=00000000 R11=00000000
R12=00000000 R13=00011090 R14=80008078 R15=80008008
PSR=600001d3 -ZC- A svc32 CPU#:0
R00=00010080 R01=00001036 R02=80000100 R03=00000000
R04=00000000 R05=00000000 R06=00000000 R07=00000000
R08=00000000 R09=00000000 R10=00000000 R11=00000000
R12=00000000 R13=00011090 R14=80008078 R15=80008008
PSR=600001d3 -ZC- A svc32 CPU#:0
R00=00010080 R01=00001036 R02=80000100 R03=00000000
R04=00000000 R05=00000000 R06=00000000 R07=00000000
R08=00000000 R09=00000000 R10=00000000 R11=00000000
R12=00000000 R13=00011090 R14=80008078 R15=80008008
PSR=600001d3 -ZC- A svc32 CPU#:0
R00=00010080 R01=00001036 R02=80000100 R03=00000000
R04=00000000 R05=00000000 R06=00000000 R07=00000000
R08=00000000 R09=00000000 R10=00000000 R11=00000000
R12=00000000 R13=00011090 R14=80008078 R15=80008008
PSR=600001d3 -ZC- A svc32 CPU#:0
R00=00010080 R01=00001036 R02=80000100 R03=00000000
R04=00000000 R05=00000000 R06=00000000 R07=00000000
R08=00000000 R09=00000000 R10=00000000 R11=00000000
R12=00000000 R13=00011090 R14=80008078 R15=80008008
PSR=600001d3 -ZC- A svc32 CPU#:0
R00=00010080 R01=00001036 R02=80000100 R03=00000000
R04=00000000 R05=00000000 R06=00000000 R07=00000000
R08=00000000 R09=00000000 R10=00000000 R11=00000000
R12=00000000 R13=00011090 R14=80008078 R15=80008008
PSR=600001d3 -ZC- A svc32 CPU#:0
R00=00010080 R01=00001036 R02=80000100 R03=00000000
R04=00000000 R05=00000000 R06=00000000 R07=00000000
R08=00000000 R09=00000000 R10=00000000 R11=00000000
R12=00000000 R13=00011090 R14=80008078 R15=80008008
PSR=600001d3 -ZC- A svc32 CPU#:0
R00=00010080 R01=00001036 R02=80000100 R03=00000000
R04=00000000 R05=00000000 R06=00000000 R07=00000000
R08=00000000 R09=00000000 R10=00000000 R11=00000000
R12=00000000 R13=00011090 R14=80008078 R15=80008008
PSR=600001d3 -ZC- A svc32 CPU#:0
R00=00010080 R01=00001036 R02=80000100 R03=00000000
R04=00000000 R05=00000000 R06=00000000 R07=00000000
R08=00000000 R09=00000000 R10=00000000 R11=00000000
R12=00000000 R13=00011090 R14=80008078 R15=80008008
PSR=600001d3 -ZC- A svc32 CPU#:0
R00=00010080 R01=00001036 R02=80000100 R03=00000000
R04=00000000 R05=00000000 R06=00000000 R07=00000000
R08=00000000 R09=00000000 R10=00000000 R11=00000000
R12=00000000 R13=00011090 R14=80008078 R15=80008008
PSR=600001d3 -ZC- A svc32 CPU#:0
R00=00010080 R01=00001036 R02=80000100 R03=00000000
R04=00000000 R05=00000000 R06=00000000 R07=00000000
R08=00000000 R09=00000000 R10=00000000 R11=00000000
R12=00000000 R13=00011090 R14=80008078 R15=80008008
PSR=600001d3 -ZC- A svc32 CPU#:0
R00=00010080 R01=00001036 R02=80000100 R03=00000000
R04=00000000 R05=00000000 R06=00000000 R07=00000000
R08=00000000 R09=00000000 R10=00000000 R11=00000000
R12=00000000 R13=00011090 R14=80008078 R15=80008008
PSR=600001d3 -ZC- A svc32 CPU#:0
R00=00010080 R01=00001036 R02=80000100 R03=00000000
R04=00000000 R05=00000000 R06=00000000 R07=00000000
R08=00000000 R09=00000000 R10=00000000 R11=00000000
R12=00000000 R13=00011090 R14=80008078 R15=80008008
PSR=600001d3 -ZC- A svc32 CPU#:0
R00=00010080 R01=00001036 R02=80000100 R03=00000000
R04=00000000 R05=00000000 R06=00000000 R07=00000000
R08=00000000 R09=00000000 R10=00000000 R11=00000000
R12=00000000 R13=00011090 R14=80008078 R15=80008008
PSR=600001d3 -ZC- A svc32 CPU#:0
R00=00010080 R01=00001036 R02=80000100 R03=00000000
R04=00000000 R05=00000000 R06=00000000 R07=00000000
R08=00000000 R09=00000000 R10=00000000 R11=00000000
R12=00000000 R13=00011090 R14=80008078 R15=80008008
PSR=600001d3 -ZC- A svc32 CPU#:0
R00=00010080 R01=00001036 R02=80000100 R03=00000000
R04=00000000 R05=00000000 R06=00000000 R07=00000000
R08=00000000 R09=00000000 R10=00000000 R11=00000000
R12=00000000 R13=00011090 R14=80008078 R15=80008008
PSR=600001d3 -ZC- A svc32 CPU#:0
R00=00010080 R01=00001036 R02=80000100 R03=00000000
R04=00000000 R05=00000000 R06=00000000 R07=00000000
R08=00000000 R09=00000000 R10=00000000 R11=00000000
R12=00000000 R13=00011090 R14=80008078 R15=80008008
PSR=600001d3 -ZC- A svc32 CPU#:0
R00=00010080 R01=00001036 R02=80000100 R03=00000000
R04=00000000 R05=00000000 R06=00000000 R07=00000000
R08=00000000 R09=00000000 R10=00000000 R11=00000000
R12=00000000 R13=00011090 R14=80008078 R15=80008008
PSR=600001d3 -ZC- A svc32 CPU#:0
R00=00010080 R01=00001036 R02=80000100 R03=00000000
R04=00000000 R05=00000000 R06=00000000 R07=00000000
R08=00000000 R09=00000000 R10=00000000 R11=00000000
R12=00000000 R13=00011090 R14=80008078 R15=80008008
PSR=600001d3 -ZC- A svc32 CPU#:0
R00=00010080 R01=00001036 R02=80000100 R03=00000000
R04=00000000 R05=00000000 R06=00000000 R07=00000000
R08=00000000 R09=00000000 R10=00000000 R11=00000000
R12=00000000 R13=00011090 R14=80008078 R15=80008008
PSR=600001d3 -ZC- A svc32 CPU#:0
R00=00010080 R01=00001036 R02=80000100 R03=00000000
R04=00000000 R05=00000000 R06=00000000 R07=00000000
R08=00000000 R09=00000000 R10=00000000 R11=00000000
R12=00000000 R13=00011090 R14=80008078 R15=80008008
PSR=600001d3 -ZC- A svc32 CPU#:0
R00=00010080 R01=00001036 R02=80000100 R03=00000000
R04=00000000 R05=00000000 R06=00000000 R07=00000000
R08=00000000 R09=00000000 R10=00000000 R11=00000000
R12=00000000 R13=00011090 R14=80008078 R15=80008008
PSR=600001d3 -ZC- A svc32 CPU#:0
R00=00010080 R01=00001036 R02=80000100 R03=00000000
R04=00000000 R05=00000000 R06=00000000 R07=00000000
R08=00000000 R09=00000000 R10=00000000 R11=00000000
R12=00000000 R13=00011090 R14=80008078 R15=80008008
PSR=600001d3 -ZC- A svc32 CPU#:0
R00=00010080 R01=00001036 R02=80000100 R03=00000000
R04=00000000 R05=00000000 R06=00000000 R07=00000000
R08=00000000 R09=00000000 R10=00000000 R11=00000000
R12=00000000 R13=00011090 R14=80008078 R15=80008008
PSR=600001d3 -ZC- A svc32 CPU#:0
R00=00010080 R01=00001036 R02=80000100 R03=00000000
R04=00000000 R05=00000000 R06=00000000 R07=00000000
R08=00000000 R09=00000000 R10=00000000 R11=00000000
R12=00000000 R13=00011090 R14=80008078 R15=80008008
PSR=600001d3 -ZC- A svc32 CPU#:0
R00=00010080 R01=00001036 R02=80000100 R03=00000000
R04=00000000 R05=00000000 R06=00000000 R07=00000000
R08=00000000 R09=00000000 R10=00000000 R11=00000000
R12=00000000 R13=00011090 R14=80008078 R15=80008008
PSR=600001d3 -ZC- A svc32 CPU#:0
R00=00010080 R01=00001036 R02=80000100 R03=00000000
R04=00000000 R05=00000000 R06=00000000 R07=00000000
R08=00000000 R09=00000000 R10=00000000 R11=00000000
R12=00000000 R13=00011090 R14=80008078 R15=80008008
PSR=600001d3 -ZC- A svc32 CPU#:0
R00=00010080 R01=00001036 R02=80000100 R03=00000000
R04=00000000 R05=00000000 R06=00000000 R07=00000000
R08=00000000 R09=00000000 R10=00000000 R11=00000000
R12=00000000 R13=00011090 R14=80008078 R15=80008008
PSR=600001d3 -ZC- A svc32 CPU#:0
R00=00010080 R01=00001036 R02=80000100 R03=00000000
R04=00000000 R05=00000000 R06=00000000 R07=00000000
R08=00000000 R09=00000000 R10=00000000 R11=00000000
R12=00000000 R13=00011090 R14=80008078 R15=80008008
PSR=600001d3 -ZC- A svc32 CPU#:0
R00=00010080 R01=00001036 R02=80000100 R03=00000000
R04=00000000 R05=00000000 R06=00000000 R07=00000000
R08=00000000 R09=00000000 R10=00000000 R11=00000000
R12=00000000 R13=00011090 R14=80008078 R15=80008008
PSR=600001d3 -ZC- A svc32 CPU#:0
R00=00010080 R01=00001036 R02=80000100 R03=00000000
R04=00000000 R05=00000000 R06=00000000 R07=00000000
R08=00000000 R09=00000000 R10=00000000 R11=00000000
R12=00000000 R13=00011090 R14=80008078 R15=80008008
PSR=600001d3 -ZC- A svc32 CPU#:0
